# Logfile created on 2011-10-29 16:13:42 -0400 by logger.rb/25413
REQUESTING PAGE: GET / with {} and HTTP headers {}
REQUESTING PAGE: GET / with {} and HTTP headers {}
REQUESTING PAGE: GET / with {} and HTTP headers {}
REQUESTING PAGE: GET /auto with {} and HTTP headers {"HTTP_REFERER"=>"/"}
REQUESTING PAGE: GET /collectable with {} and HTTP headers {"HTTP_REFERER"=>"/auto"}
REQUESTING PAGE: GET /nostalgia with {} and HTTP headers {"HTTP_REFERER"=>"/collectable"}
REQUESTING PAGE: GET /howitworks with {} and HTTP headers {"HTTP_REFERER"=>"/nostalgia"}
REQUESTING PAGE: GET / with {} and HTTP headers {"HTTP_REFERER"=>"/howitworks"}
REQUESTING PAGE: GET /signup with {} and HTTP headers {"HTTP_REFERER"=>"/"}
REQUESTING PAGE: GET / with {} and HTTP headers {}
REQUESTING PAGE: GET /signin with {} and HTTP headers {}
REQUESTING PAGE: POST /sessions with {"utf8"=>"\xE2\x9C\x93", "session"=>{"email"=>"mhartl@example.com", "password"=>"foobar"}, "commit"=>"Sign in"} and HTTP headers {"HTTP_REFERER"=>"/signin"}
REQUESTING PAGE: GET http://www.example.com/users/1 with {} and HTTP headers {"HTTP_REFERER"=>"/sessions"}
REQUESTING PAGE: GET / with {} and HTTP headers {"HTTP_REFERER"=>"http://www.example.com/users/1"}
REQUESTING PAGE: GET /signin with {} and HTTP headers {}
REQUESTING PAGE: POST /sessions with {"utf8"=>"\xE2\x9C\x93", "session"=>{"email"=>"mhartl@example.com", "password"=>"foobar"}, "commit"=>"Sign in"} and HTTP headers {"HTTP_REFERER"=>"/signin"}
REQUESTING PAGE: GET http://www.example.com/users/1 with {} and HTTP headers {"HTTP_REFERER"=>"/sessions"}
REQUESTING PAGE: GET / with {} and HTTP headers {"HTTP_REFERER"=>"http://www.example.com/users/1"}
REQUESTING PAGE: GET / with {} and HTTP headers {}
REQUESTING PAGE: GET /auto with {} and HTTP headers {"HTTP_REFERER"=>"/"}
REQUESTING PAGE: GET /collectable with {} and HTTP headers {"HTTP_REFERER"=>"/auto"}
REQUESTING PAGE: GET /nostalgia with {} and HTTP headers {"HTTP_REFERER"=>"/collectable"}
REQUESTING PAGE: GET /howitworks with {} and HTTP headers {"HTTP_REFERER"=>"/nostalgia"}
REQUESTING PAGE: GET / with {} and HTTP headers {"HTTP_REFERER"=>"/howitworks"}
REQUESTING PAGE: GET /users/sign_up with {} and HTTP headers {"HTTP_REFERER"=>"/"}
REQUESTING PAGE: GET / with {} and HTTP headers {}
